{"ts":"2026-05-21T20:42:33.2129619Z","event":"startup","keyboards":[{"name":"HID Keyboard Device","vid":"046D","pid":"B019","path":"\\\\?\\HID#{00001812-0000-1000-8000-00805f9b34fb}_Dev_VID&02046d_PID&b019_REV&0006_f65922ed0c74&Col01#9&186db994&0&0000#{884b96c3-56ef-11d1-bc8c-00a0c91405dd}"},{"name":"Standard PS/2 Keyboard","vid":null,"pid":null,"path":"\\\\?\\ACPI#DLLK0D32#4&593f63e&0#{884b96c3-56ef-11d1-bc8c-00a0c91405dd}"},{"name":"HID Keyboard Device","vid":null,"pid":null,"path":"\\\\?\\HID#ConvertedDevice&Col01#5&5923126&0&0000#{884b96c3-56ef-11d1-bc8c-00a0c91405dd}"}]}
{"ts":"2026-05-21T20:42:46.4535391Z","source":"Physical","isDown":true,"vk":68,"sc":32,"keyName":"D","deviceHandle":"0x10041","deviceName":"Standard PS/2 Keyboard","vid":null,"pid":null,"devicePath":"\\\\?\\ACPI#DLLK0D32#4&593f63e&0#{884b96c3-56ef-11d1-bc8c-00a0c91405dd}"}
{"ts":"2026-05-21T20:42:46.4920115Z","source":"Physical","isDown":false,"vk":68,"sc":32,"keyName":"D","deviceHandle":"0x10041","deviceName":"Standard PS/2 Keyboard","vid":null,"pid":null,"devicePath":"\\\\?\\ACPI#DLLK0D32#4&593f63e&0#{884b96c3-56ef-11d1-bc8c-00a0c91405dd}"}
{"ts":"2026-05-21T20:42:47.9834117Z","source":"Physical","isDown":true,"vk":69,"sc":18,"keyName":"E","deviceHandle":"0x10041","deviceName":"Standard PS/2 Keyboard","vid":null,"pid":null,"devicePath":"\\\\?\\ACPI#DLLK0D32#4&593f63e&0#{884b96c3-56ef-11d1-bc8c-00a0c91405dd}"}
{"ts":"2026-05-21T20:42:48.0911289Z","source":"Physical","isDown":false,"vk":69,"sc":18,"keyName":"E","deviceHandle":"0x10041","deviceName":"Standard PS/2 Keyboard","vid":null,"pid":null,"devicePath":"\\\\?\\ACPI#DLLK0D32#4&593f63e&0#{884b96c3-56ef-11d1-bc8c-00a0c91405dd}"}
{"ts":"2026-05-21T20:42:48.4689977Z","source":"Physical","isDown":true,"vk":77,"sc":50,"keyName":"M","deviceHandle":"0x10041","deviceName":"Standard PS/2 Keyboard","vid":null,"pid":null,"devicePath":"\\\\?\\ACPI#DLLK0D32#4&593f63e&0#{884b96c3-56ef-11d1-bc8c-00a0c91405dd}"}
{"ts":"2026-05-21T20:42:48.5822134Z","source":"Physical","isDown":false,"vk":77,"sc":50,"keyName":"M","deviceHandle":"0x10041","deviceName":"Standard PS/2 Keyboard","vid":null,"pid":null,"devicePath":"\\\\?\\ACPI#DLLK0D32#4&593f63e&0#{884b96c3-56ef-11d1-bc8c-00a0c91405dd}"}
{"ts":"2026-05-21T20:42:48.9812059Z","source":"Physical","isDown":true,"vk":79,"sc":24,"keyName":"O","deviceHandle":"0x10041","deviceName":"Standard PS/2 Keyboard","vid":null,"pid":null,"devicePath":"\\\\?\\ACPI#DLLK0D32#4&593f63e&0#{884b96c3-56ef-11d1-bc8c-00a0c91405dd}"}
{"ts":"2026-05-21T20:42:49.1029303Z","source":"Physical","isDown":false,"vk":79,"sc":24,"keyName":"O","deviceHandle":"0x10041","deviceName":"Standard PS/2 Keyboard","vid":null,"pid":null,"devicePath":"\\\\?\\ACPI#DLLK0D32#4&593f63e&0#{884b96c3-56ef-11d1-bc8c-00a0c91405dd}"}
{"ts":"2026-05-21T20:42:49.6490527Z","source":"Physical","isDown":true,"vk":84,"sc":20,"keyName":"T","deviceHandle":"0x10041","deviceName":"Standard PS/2 Keyboard","vid":null,"pid":null,"devicePath":"\\\\?\\ACPI#DLLK0D32#4&593f63e&0#{884b96c3-56ef-11d1-bc8c-00a0c91405dd}"}
{"ts":"2026-05-21T20:42:49.7532228Z","source":"Physical","isDown":false,"vk":84,"sc":20,"keyName":"T","deviceHandle":"0x10041","deviceName":"Standard PS/2 Keyboard","vid":null,"pid":null,"devicePath":"\\\\?\\ACPI#DLLK0D32#4&593f63e&0#{884b96c3-56ef-11d1-bc8c-00a0c91405dd}"}
{"ts":"2026-05-21T20:42:50.0513679Z","source":"Physical","isDown":true,"vk":69,"sc":18,"keyName":"E","deviceHandle":"0x10041","deviceName":"Standard PS/2 Keyboard","vid":null,"pid":null,"devicePath":"\\\\?\\ACPI#DLLK0D32#4&593f63e&0#{884b96c3-56ef-11d1-bc8c-00a0c91405dd}"}
{"ts":"2026-05-21T20:42:50.1631241Z","source":"Physical","isDown":false,"vk":69,"sc":18,"keyName":"E","deviceHandle":"0x10041","deviceName":"Standard PS/2 Keyboard","vid":null,"pid":null,"devicePath":"\\\\?\\ACPI#DLLK0D32#4&593f63e&0#{884b96c3-56ef-11d1-bc8c-00a0c91405dd}"}
{"ts":"2026-05-21T20:42:50.4743112Z","source":"Physical","isDown":true,"vk":83,"sc":31,"keyName":"S","deviceHandle":"0x10041","deviceName":"Standard PS/2 Keyboard","vid":null,"pid":null,"devicePath":"\\\\?\\ACPI#DLLK0D32#4&593f63e&0#{884b96c3-56ef-11d1-bc8c-00a0c91405dd}"}
{"ts":"2026-05-21T20:42:50.6231147Z","source":"Physical","isDown":false,"vk":83,"sc":31,"keyName":"S","deviceHandle":"0x10041","deviceName":"Standard PS/2 Keyboard","vid":null,"pid":null,"devicePath":"\\\\?\\ACPI#DLLK0D32#4&593f63e&0#{884b96c3-56ef-11d1-bc8c-00a0c91405dd}"}
{"ts":"2026-05-21T20:42:51.0328360Z","source":"Physical","isDown":true,"vk":84,"sc":20,"keyName":"T","deviceHandle":"0x10041","deviceName":"Standard PS/2 Keyboard","vid":null,"pid":null,"devicePath":"\\\\?\\ACPI#DLLK0D32#4&593f63e&0#{884b96c3-56ef-11d1-bc8c-00a0c91405dd}"}
{"ts":"2026-05-21T20:42:51.1482578Z","source":"Physical","isDown":false,"vk":84,"sc":20,"keyName":"T","deviceHandle":"0x10041","deviceName":"Standard PS/2 Keyboard","vid":null,"pid":null,"devicePath":"\\\\?\\ACPI#DLLK0D32#4&593f63e&0#{884b96c3-56ef-11d1-bc8c-00a0c91405dd}"}
{"ts":"2026-05-21T20:43:10.1184170Z","source":"Physical","isDown":true,"vk":68,"sc":32,"keyName":"D","deviceHandle":"0x10041","deviceName":"Standard PS/2 Keyboard","vid":null,"pid":null,"devicePath":"\\\\?\\ACPI#DLLK0D32#4&593f63e&0#{884b96c3-56ef-11d1-bc8c-00a0c91405dd}"}
{"ts":"2026-05-21T20:43:10.2309129Z","source":"Physical","isDown":false,"vk":68,"sc":32,"keyName":"D","deviceHandle":"0x10041","deviceName":"Standard PS/2 Keyboard","vid":null,"pid":null,"devicePath":"\\\\?\\ACPI#DLLK0D32#4&593f63e&0#{884b96c3-56ef-11d1-bc8c-00a0c91405dd}"}
{"ts":"2026-05-21T20:43:10.3696183Z","source":"Physical","isDown":true,"vk":69,"sc":18,"keyName":"E","deviceHandle":"0x10041","deviceName":"Standard PS/2 Keyboard","vid":null,"pid":null,"devicePath":"\\\\?\\ACPI#DLLK0D32#4&593f63e&0#{884b96c3-56ef-11d1-bc8c-00a0c91405dd}"}
{"ts":"2026-05-21T20:43:10.5009600Z","source":"Physical","isDown":false,"vk":69,"sc":18,"keyName":"E","deviceHandle":"0x10041","deviceName":"Standard PS/2 Keyboard","vid":null,"pid":null,"devicePath":"\\\\?\\ACPI#DLLK0D32#4&593f63e&0#{884b96c3-56ef-11d1-bc8c-00a0c91405dd}"}
{"ts":"2026-05-21T20:43:10.5210159Z","source":"Physical","isDown":true,"vk":77,"sc":50,"keyName":"M","deviceHandle":"0x10041","deviceName":"Standard PS/2 Keyboard","vid":null,"pid":null,"devicePath":"\\\\?\\ACPI#DLLK0D32#4&593f63e&0#{884b96c3-56ef-11d1-bc8c-00a0c91405dd}"}
{"ts":"2026-05-21T20:43:10.6218058Z","source":"Physical","isDown":false,"vk":77,"sc":50,"keyName":"M","deviceHandle":"0x10041","deviceName":"Standard PS/2 Keyboard","vid":null,"pid":null,"devicePath":"\\\\?\\ACPI#DLLK0D32#4&593f63e&0#{884b96c3-56ef-11d1-bc8c-00a0c91405dd}"}
{"ts":"2026-05-21T20:43:10.6963898Z","source":"Physical","isDown":true,"vk":79,"sc":24,"keyName":"O","deviceHandle":"0x10041","deviceName":"Standard PS/2 Keyboard","vid":null,"pid":null,"devicePath":"\\\\?\\ACPI#DLLK0D32#4&593f63e&0#{884b96c3-56ef-11d1-bc8c-00a0c91405dd}"}
{"ts":"2026-05-21T20:43:10.7956038Z","source":"Physical","isDown":false,"vk":79,"sc":24,"keyName":"O","deviceHandle":"0x10041","deviceName":"Standard PS/2 Keyboard","vid":null,"pid":null,"devicePath":"\\\\?\\ACPI#DLLK0D32#4&593f63e&0#{884b96c3-56ef-11d1-bc8c-00a0c91405dd}"}
{"ts":"2026-05-21T20:43:11.7568675Z","source":"Physical","isDown":true,"vk":13,"sc":28,"keyName":"Enter","deviceHandle":"0x10041","deviceName":"Standard PS/2 Keyboard","vid":null,"pid":null,"devicePath":"\\\\?\\ACPI#DLLK0D32#4&593f63e&0#{884b96c3-56ef-11d1-bc8c-00a0c91405dd}"}
{"ts":"2026-05-21T20:43:11.8496759Z","source":"Physical","isDown":false,"vk":13,"sc":28,"keyName":"Enter","deviceHandle":"0x10041","deviceName":"Standard PS/2 Keyboard","vid":null,"pid":null,"devicePath":"\\\\?\\ACPI#DLLK0D32#4&593f63e&0#{884b96c3-56ef-11d1-bc8c-00a0c91405dd}"}
{"ts":"2026-05-21T20:43:49.4289629Z","source":"Physical","isDown":true,"vk":17,"sc":29,"keyName":"Ctrl","deviceHandle":"0x10041","deviceName":"Standard PS/2 Keyboard","vid":null,"pid":null,"devicePath":"\\\\?\\ACPI#DLLK0D32#4&593f63e&0#{884b96c3-56ef-11d1-bc8c-00a0c91405dd}"}
{"ts":"2026-05-21T20:43:49.5813100Z","source":"Physical","isDown":true,"vk":67,"sc":46,"keyName":"C","deviceHandle":"0x10041","deviceName":"Standard PS/2 Keyboard","vid":null,"pid":null,"devicePath":"\\\\?\\ACPI#DLLK0D32#4&593f63e&0#{884b96c3-56ef-11d1-bc8c-00a0c91405dd}"}
{"ts":"2026-05-21T20:43:49.6501394Z","source":"Physical","isDown":false,"vk":17,"sc":29,"keyName":"Ctrl","deviceHandle":"0x10041","deviceName":"Standard PS/2 Keyboard","vid":null,"pid":null,"devicePath":"\\\\?\\ACPI#DLLK0D32#4&593f63e&0#{884b96c3-56ef-11d1-bc8c-00a0c91405dd}"}
{"ts":"2026-05-21T20:43:49.7482318Z","source":"Physical","isDown":false,"vk":67,"sc":46,"keyName":"C","deviceHandle":"0x10041","deviceName":"Standard PS/2 Keyboard","vid":null,"pid":null,"devicePath":"\\\\?\\ACPI#DLLK0D32#4&593f63e&0#{884b96c3-56ef-11d1-bc8c-00a0c91405dd}"}
{"ts":"2026-05-21T20:43:52.3842048Z","source":"Physical","isDown":true,"vk":17,"sc":29,"keyName":"Ctrl","deviceHandle":"0x10041","deviceName":"Standard PS/2 Keyboard","vid":null,"pid":null,"devicePath":"\\\\?\\ACPI#DLLK0D32#4&593f63e&0#{884b96c3-56ef-11d1-bc8c-00a0c91405dd}"}
{"ts":"2026-05-21T20:43:52.6869602Z","source":"Physical","isDown":true,"vk":86,"sc":47,"keyName":"V","deviceHandle":"0x10041","deviceName":"Standard PS/2 Keyboard","vid":null,"pid":null,"devicePath":"\\\\?\\ACPI#DLLK0D32#4&593f63e&0#{884b96c3-56ef-11d1-bc8c-00a0c91405dd}"}
{"ts":"2026-05-21T20:43:52.7980757Z","source":"Physical","isDown":false,"vk":17,"sc":29,"keyName":"Ctrl","deviceHandle":"0x10041","deviceName":"Standard PS/2 Keyboard","vid":null,"pid":null,"devicePath":"\\\\?\\ACPI#DLLK0D32#4&593f63e&0#{884b96c3-56ef-11d1-bc8c-00a0c91405dd}"}
{"ts":"2026-05-21T20:43:52.8468903Z","source":"Physical","isDown":false,"vk":86,"sc":47,"keyName":"V","deviceHandle":"0x10041","deviceName":"Standard PS/2 Keyboard","vid":null,"pid":null,"devicePath":"\\\\?\\ACPI#DLLK0D32#4&593f63e&0#{884b96c3-56ef-11d1-bc8c-00a0c91405dd}"}
